android/app/build/intermediates/manifest_merge_blame_file/debug/manifest-merger-blame-debug-report.txt
1<?xml version="1.0" encoding="utf-8"?>
2<manifest xmlns:android="http://schemas.android.com/apk/res/android"
3    package="com.app1"
4    android:versionCode="1"
5    android:versionName="1.0" >
6
7    <uses-sdk
8        android:minSdkVersion="21"
9        android:targetSdkVersion="33" />
10
11    <uses-permission android:name="android.permission.SYSTEM_ALERT_WINDOW" />
11-->src\debug\AndroidManifest.xml:5:5-77
11-->src\debug\AndroidManifest.xml:5:22-75
12    <uses-permission android:name="android.permission.VIBRATE" />
12-->src\debug\AndroidManifest.xml:6:5-65
12-->src\debug\AndroidManifest.xml:6:22-63
13    <uses-permission android:name="android.permission.INTERNET" />
13-->src\main\AndroidManifest.xml:3:5-67
13-->src\main\AndroidManifest.xml:3:22-64
14    <uses-permission android:name="android.permission.CAMERA" />
14-->src\main\AndroidManifest.xml:4:5-65
14-->src\main\AndroidManifest.xml:4:22-62
15    <uses-permission android:name="android.permission.RECORD_AUDIO" />
15-->src\main\AndroidManifest.xml:5:5-70
15-->src\main\AndroidManifest.xml:5:22-68
16    <uses-permission android:name="android.permission.READ_EXTERNAL_STORAGE" />
16-->src\main\AndroidManifest.xml:6:5-80
16-->src\main\AndroidManifest.xml:6:22-77
17    <uses-permission android:name="android.permission.WRITE_EXTERNAL_STORAGE" />
17-->src\main\AndroidManifest.xml:7:5-81
17-->src\main\AndroidManifest.xml:7:22-78
18    <uses-permission android:name="android.permission.ACCESS_WIFI_STATE" />
18-->[com.facebook.flipper:flipper:0.125.0] AndroidManifest.xml:16:5-76
18-->[com.facebook.flipper:flipper:0.125.0] AndroidManifest.xml:16:22-73
19
20    <uses-feature
20-->[:react-native-camera] AndroidManifest.xml:11:5-13:36
21        android:name="android.hardware.camera"
21-->[:react-native-camera] AndroidManifest.xml:12:9-47
22        android:required="false" />
22-->[:react-native-camera] AndroidManifest.xml:13:9-33
23    <uses-feature
23-->[:react-native-camera] AndroidManifest.xml:14:5-16:36
24        android:name="android.hardware.camera.autofocus"
24-->[:react-native-camera] AndroidManifest.xml:15:9-57
25        android:required="false" /> <!-- Although the *SdkVersion is captured in gradle build files, this is required for non gradle builds -->
25-->[:react-native-camera] AndroidManifest.xml:16:9-33
26    <!-- <uses-sdk android:minSdkVersion="14"/> -->
27    <uses-permission android:name="android.permission.ACCESS_NETWORK_STATE" />
27-->[com.google.android.datatransport:transport-backend-cct:2.3.3] AndroidManifest.xml:25:5-79
27-->[com.google.android.datatransport:transport-backend-cct:2.3.3] AndroidManifest.xml:25:22-76
28
29    <application
29-->src\main\AndroidManifest.xml:8:5-27:19
30        android:name="com.app1.MainApplication"
30-->src\main\AndroidManifest.xml:9:7-38
31        android:allowBackup="false"
31-->src\main\AndroidManifest.xml:13:7-34
32        android:appComponentFactory="androidx.core.app.CoreComponentFactory"
32-->[androidx.core:core:1.7.0] AndroidManifest.xml:24:18-86
33        android:debuggable="true"
34        android:icon="@mipmap/ic_launcher"
34-->src\main\AndroidManifest.xml:11:7-41
35        android:label="@string/app_name"
35-->src\main\AndroidManifest.xml:10:7-39
36        android:roundIcon="@mipmap/ic_launcher_round"
36-->src\main\AndroidManifest.xml:12:7-52
37        android:theme="@style/AppTheme"
37-->src\main\AndroidManifest.xml:14:7-38
38        android:usesCleartextTraffic="true" >
38-->src\debug\AndroidManifest.xml:9:9-44
39        <activity
39-->src\debug\AndroidManifest.xml:12:9-111
40            android:name="com.facebook.react.devsupport.DevSettingsActivity"
40-->src\debug\AndroidManifest.xml:12:19-83
41            android:exported="false" />
41-->src\debug\AndroidManifest.xml:12:84-108
42        <activity
42-->src\main\AndroidManifest.xml:15:7-26:18
43            android:name="com.app1.MainActivity"
43-->src\main\AndroidManifest.xml:16:9-37
44            android:configChanges="keyboard|keyboardHidden|orientation|screenLayout|screenSize|smallestScreenSize|uiMode"
44-->src\main\AndroidManifest.xml:18:9-118
45            android:exported="true"
45-->src\main\AndroidManifest.xml:21:9-32
46            android:label="@string/app_name"
46-->src\main\AndroidManifest.xml:17:9-41
47            android:launchMode="singleTask"
47-->src\main\AndroidManifest.xml:19:9-40
48            android:windowSoftInputMode="adjustResize" >
48-->src\main\AndroidManifest.xml:20:9-51
49            <intent-filter>
49-->src\main\AndroidManifest.xml:22:9-25:25
50                <action android:name="android.intent.action.MAIN" />
50-->src\main\AndroidManifest.xml:23:13-65
50-->src\main\AndroidManifest.xml:23:21-62
51
52                <category android:name="android.intent.category.LAUNCHER" />
52-->src\main\AndroidManifest.xml:24:13-73
52-->src\main\AndroidManifest.xml:24:23-70
53            </intent-filter>
54        </activity>
55
56        <service
56-->[com.google.android.gms:play-services-mlkit-barcode-scanning:16.2.0] AndroidManifest.xml:9:9-15:19
57            android:name="com.google.mlkit.common.internal.MlKitComponentDiscoveryService"
57-->[com.google.android.gms:play-services-mlkit-barcode-scanning:16.2.0] AndroidManifest.xml:10:13-91
58            android:directBootAware="true"
58-->[com.google.mlkit:common:17.2.0] AndroidManifest.xml:17:13-43
59            android:exported="false" >
59-->[com.google.android.gms:play-services-mlkit-barcode-scanning:16.2.0] AndroidManifest.xml:11:13-37
60            <meta-data
60-->[com.google.android.gms:play-services-mlkit-barcode-scanning:16.2.0] AndroidManifest.xml:12:13-14:85
61                android:name="com.google.firebase.components:com.google.mlkit.vision.barcode.internal.BarcodeRegistrar"
61-->[com.google.android.gms:play-services-mlkit-barcode-scanning:16.2.0] AndroidManifest.xml:13:17-120
62                android:value="com.google.firebase.components.ComponentRegistrar" />
62-->[com.google.android.gms:play-services-mlkit-barcode-scanning:16.2.0] AndroidManifest.xml:14:17-82
63            <meta-data
63-->[com.google.android.gms:play-services-mlkit-face-detection:16.2.0] AndroidManifest.xml:12:13-14:85
64                android:name="com.google.firebase.components:com.google.mlkit.vision.face.internal.FaceRegistrar"
64-->[com.google.android.gms:play-services-mlkit-face-detection:16.2.0] AndroidManifest.xml:13:17-114
65                android:value="com.google.firebase.components.ComponentRegistrar" />
65-->[com.google.android.gms:play-services-mlkit-face-detection:16.2.0] AndroidManifest.xml:14:17-82
66            <meta-data
66-->[com.google.android.gms:play-services-mlkit-text-recognition:16.3.0] AndroidManifest.xml:12:13-14:85
67                android:name="com.google.firebase.components:com.google.mlkit.vision.text.internal.TextRegistrar"
67-->[com.google.android.gms:play-services-mlkit-text-recognition:16.3.0] AndroidManifest.xml:13:17-114
68                android:value="com.google.firebase.components.ComponentRegistrar" />
68-->[com.google.android.gms:play-services-mlkit-text-recognition:16.3.0] AndroidManifest.xml:14:17-82
69            <meta-data
69-->[com.google.mlkit:vision-common:16.5.0] AndroidManifest.xml:12:13-14:85
70                android:name="com.google.firebase.components:com.google.mlkit.vision.common.internal.VisionCommonRegistrar"
70-->[com.google.mlkit:vision-common:16.5.0] AndroidManifest.xml:13:17-124
71                android:value="com.google.firebase.components.ComponentRegistrar" />
71-->[com.google.mlkit:vision-common:16.5.0] AndroidManifest.xml:14:17-82
72            <meta-data
72-->[com.google.mlkit:common:17.2.0] AndroidManifest.xml:20:13-22:85
73                android:name="com.google.firebase.components:com.google.mlkit.common.internal.CommonComponentRegistrar"
73-->[com.google.mlkit:common:17.2.0] AndroidManifest.xml:21:17-120
74                android:value="com.google.firebase.components.ComponentRegistrar" />
74-->[com.google.mlkit:common:17.2.0] AndroidManifest.xml:22:17-82
75        </service>
76
77        <provider
77-->[com.google.mlkit:common:17.2.0] AndroidManifest.xml:9:9-13:38
78            android:name="com.google.mlkit.common.internal.MlKitInitProvider"
78-->[com.google.mlkit:common:17.2.0] AndroidManifest.xml:10:13-78
79            android:authorities="com.app1.mlkitinitprovider"
79-->[com.google.mlkit:common:17.2.0] AndroidManifest.xml:11:13-69
80            android:exported="false"
80-->[com.google.mlkit:common:17.2.0] AndroidManifest.xml:12:13-37
81            android:initOrder="99" />
81-->[com.google.mlkit:common:17.2.0] AndroidManifest.xml:13:13-35
82
83        <activity
83-->[com.google.android.gms:play-services-base:17.6.0] AndroidManifest.xml:23:9-26:75
84            android:name="com.google.android.gms.common.api.GoogleApiActivity"
84-->[com.google.android.gms:play-services-base:17.6.0] AndroidManifest.xml:24:13-79
85            android:exported="false"
85-->[com.google.android.gms:play-services-base:17.6.0] AndroidManifest.xml:25:13-37
86            android:theme="@android:style/Theme.Translucent.NoTitleBar" />
86-->[com.google.android.gms:play-services-base:17.6.0] AndroidManifest.xml:26:13-72
87
88        <meta-data
88-->[com.google.android.gms:play-services-basement:17.6.0] AndroidManifest.xml:23:9-25:69
89            android:name="com.google.android.gms.version"
89-->[com.google.android.gms:play-services-basement:17.6.0] AndroidManifest.xml:24:13-58
90            android:value="@integer/google_play_services_version" />
90-->[com.google.android.gms:play-services-basement:17.6.0] AndroidManifest.xml:25:13-66
91
92        <provider
92-->[androidx.emoji2:emoji2:1.0.0] AndroidManifest.xml:26:9-34:20
93            android:name="androidx.startup.InitializationProvider"
93-->[androidx.emoji2:emoji2:1.0.0] AndroidManifest.xml:27:13-67
94            android:authorities="com.app1.androidx-startup"
94-->[androidx.emoji2:emoji2:1.0.0] AndroidManifest.xml:28:13-68
95            android:exported="false" >
95-->[androidx.emoji2:emoji2:1.0.0] AndroidManifest.xml:29:13-37
96            <meta-data
96-->[androidx.emoji2:emoji2:1.0.0] AndroidManifest.xml:31:13-33:52
97                android:name="androidx.emoji2.text.EmojiCompatInitializer"
97-->[androidx.emoji2:emoji2:1.0.0] AndroidManifest.xml:32:17-75
98                android:value="androidx.startup" />
98-->[androidx.emoji2:emoji2:1.0.0] AndroidManifest.xml:33:17-49
99            <meta-data
99-->[androidx.lifecycle:lifecycle-process:2.4.0] AndroidManifest.xml:31:13-33:52
100                android:name="androidx.lifecycle.ProcessLifecycleInitializer"
100-->[androidx.lifecycle:lifecycle-process:2.4.0] AndroidManifest.xml:32:17-78
101                android:value="androidx.startup" />
101-->[androidx.lifecycle:lifecycle-process:2.4.0] AndroidManifest.xml:33:17-49
102        </provider>
103
104        <service
104-->[com.google.android.datatransport:transport-backend-cct:2.3.3] AndroidManifest.xml:29:9-35:19
105            android:name="com.google.android.datatransport.runtime.backends.TransportBackendDiscovery"
105-->[com.google.android.datatransport:transport-backend-cct:2.3.3] AndroidManifest.xml:30:13-103
106            android:exported="false" >
106-->[com.google.android.datatransport:transport-backend-cct:2.3.3] AndroidManifest.xml:31:13-37
107            <meta-data
107-->[com.google.android.datatransport:transport-backend-cct:2.3.3] AndroidManifest.xml:32:13-34:39
108                android:name="backend:com.google.android.datatransport.cct.CctBackendFactory"
108-->[com.google.android.datatransport:transport-backend-cct:2.3.3] AndroidManifest.xml:33:17-94
109                android:value="cct" />
109-->[com.google.android.datatransport:transport-backend-cct:2.3.3] AndroidManifest.xml:34:17-36
110        </service>
111        <service
111-->[com.google.android.datatransport:transport-runtime:2.2.6] AndroidManifest.xml:26:9-30:19
112            android:name="com.google.android.datatransport.runtime.scheduling.jobscheduling.JobInfoSchedulerService"
112-->[com.google.android.datatransport:transport-runtime:2.2.6] AndroidManifest.xml:27:13-117
113            android:exported="false"
113-->[com.google.android.datatransport:transport-runtime:2.2.6] AndroidManifest.xml:28:13-37
114            android:permission="android.permission.BIND_JOB_SERVICE" >
114-->[com.google.android.datatransport:transport-runtime:2.2.6] AndroidManifest.xml:29:13-69
115        </service>
116
117        <receiver
117-->[com.google.android.datatransport:transport-runtime:2.2.6] AndroidManifest.xml:32:9-34:40
118            android:name="com.google.android.datatransport.runtime.scheduling.jobscheduling.AlarmManagerSchedulerBroadcastReceiver"
118-->[com.google.android.datatransport:transport-runtime:2.2.6] AndroidManifest.xml:33:13-132
119            android:exported="false" />
119-->[com.google.android.datatransport:transport-runtime:2.2.6] AndroidManifest.xml:34:13-37
120    </application>
121
122</manifest>